<?xml version="1.0" encoding="UTF-8"?>
<!-- Generated by org.testng.reporters.JUnitReportReporter -->
<testsuite hostname="swapans-MacBook-Air.local" name="com.automation.juiceplus.juiceplus.AppTest" tests="1" failures="0" timestamp="31 Jul 2016 02:21:11 GMT" time="0.016" errors="0">
  <testcase name="testApp" time="0.016" classname="com.automation.juiceplus.juiceplus.AppTest"/>
</testsuite> <!-- com.automation.juiceplus.juiceplus.AppTest -->
